<?xml version="1.0" encoding="UTF-8" ?>
<testsuite tests="4" failures="0" name="io.zipcoder.ClassroomTest" time="0" errors="0" skipped="0">
  <properties>
[...]
</properties>
  <testcase classname="io.zipcoder.ClassroomTest" name="getSortedTest" time="0"/>
  <testcase classname="io.zipcoder.ClassroomTest" name="removeStudentTest" time="0"/>
  <testcase classname="io.zipcoder.ClassroomTest" name="gradeBookTest" time="0"/>
  <testcase classname="io.zipcoder.ClassroomTest" name="studentAddTest" time="0"/>
</testsuite>